12:52:15.038 [main] INFO  - Welcome to ShopRight shop XD
19:38:06.534 [main] INFO  - Show created with the name:ShopRight

19:46:59.780 [main] INFO  - Show created with the name:ShopRight

20:05:50.752 [main] INFO  - Show created with the name: ShopRight
20:06:15.903 [main] WARN  - The product Chair is out of stock
20:09:37.992 [main] INFO  - Show created with the name: ShopRight
20:10:01.077 [main] INFO  - Show created with the name: ShopRight
20:11:01.108 [main] INFO  - Show created with the name: ShopRight
20:13:30.579 [main] INFO  - Show created with the name: ShopRight
20:13:54.063 [main] INFO  - rate: 9
20:16:11.976 [main] INFO  - Show created with the name: ShopRight
20:16:25.466 [main] INFO  - rate: 6
20:21:19.360 [main] INFO  - Shop created with the name: ShopRight
20:21:44.095 [main] INFO  - rate: 10
20:28:37.096 [main] INFO  - Shop created with the name: ShopRight
20:39:29.572 [main] INFO  - Shop created with the name: ShopRight
20:41:19.255 [main] INFO  - Shop created with the name: ShopRight
20:41:28.204 [main] INFO  - rate: 10
12:01:29.855 [main] INFO  - Shop created with the name: ShopRight
12:02:58.654 [main] INFO  - Shop created with the name: ShopRight
